<?xml version="1.0" encoding="UTF-8"?>
<testng-results skipped="0" failed="0" ignored="0" total="0" passed="0">
  <reporter-output>
  </reporter-output>
  <suite name="crm.ExcelProjectMe.AppTest" duration-ms="218" started-at="2021-01-29T06:36:11Z" finished-at="2021-01-29T06:36:11Z">
    <groups>
    </groups>
    <test name="Command line test" duration-ms="218" started-at="2021-01-29T06:36:11Z" finished-at="2021-01-29T06:36:11Z">
    </test> <!-- Command line test -->
  </suite> <!-- crm.ExcelProjectMe.AppTest -->
</testng-results>
